<?xml version="1.0" encoding="UTF-8"?>
<testsuite xmlns:xsi="http://www.w3.org/2001/XMLSchema-instance" xsi:noNamespaceSchemaLocation="https://maven.apache.org/surefire/maven-surefire-plugin/xsd/surefire-test-report-3.0.xsd" version="3.0" name="com.example.BookTest" time="0.005" tests="12" errors="0" skipped="0" failures="0">
  <properties>
[...]
</properties>
  <testcase name="testConstructorInvalidTitleNull" classname="com.example.BookTest" time="0"/>
  <testcase name="testGetTitle" classname="com.example.BookTest" time="0"/>
  <testcase name="testSetAuthorInvalidNull" classname="com.example.BookTest" time="0.001"/>
  <testcase name="testSetAuthorInvalidEmpty" classname="com.example.BookTest" time="0"/>
  <testcase name="testSetTitleInvalidNull" classname="com.example.BookTest" time="0"/>
  <testcase name="testSetTitleValid" classname="com.example.BookTest" time="0"/>
  <testcase name="testSetTitleInvalidEmpty" classname="com.example.BookTest" time="0"/>
  <testcase name="testConstructorInvalidTitleEmpty" classname="com.example.BookTest" time="0.001"/>
  <testcase name="testGetAuthor" classname="com.example.BookTest" time="0"/>
  <testcase name="testConstructorInvalidAuthorNull" classname="com.example.BookTest" time="0"/>
  <testcase name="testSetAuthorValid" classname="com.example.BookTest" time="0"/>
  <testcase name="testConstructorInvalidAuthorEmpty" classname="com.example.BookTest" time="0"/>
</testsuite>